Input:
3
f(x,y,z)=+y^1		*x ^+0-	 -	 		42*z^+2 	 --+85
g(z)=+10  *	-0069
h(z)=z^2+-z^+3--03776933359*+5
+-exp(g(3))+h(exp(x^0))*h(exp(x^3))*exp(x	^+3)
Origin:
+-e((+10*-0069))+((e(x^0))^2+-(e(x^0))^3--03776933359*+5)*((e(x^3))^2+-(e(x^3))^3--03776933359*+5)*e(x^3)


===================================================
Input:
0
	+x^+1*6*+62--x^+3*(+	x^2*(-+x^+3)	 *	 			(+1*x^2*	 	 x^+0-	  x^2*x^2	*x^3)^1)+-(+		 +exp(2849379128)* x		   ^2-++		2  	*(+		x^+  3*x^3*x^1)^2)^3*exp(exp(-3))
Origin:
+x^1*6*+62--x^3*(+x^2*(-+x^3)*(+1*x^2*x^0-x^2*x^2*x^3)^1)+-(++e(2849379128)*x^2-++2*(+x^3*x^3*x^1)^2)^3*e(e(-3))


===================================================
Input:
1
g(x,y)=-exp(+	3)--y^	 2*3930705441
+g(g(x^	3,+13),x^+3)*g(exp(x^+3),exp(x  ^+3))*g( 	x^		+  3,(+ 	+73)^3)+-g(g(-91,+75),(	-+x^1*x^+0))+-		x  ^	  +1
Origin:
+(-e(+3)--(x^3)^2*3930705441)*(-e(+3)--(e(x^3))^2*3930705441)*(-e(+3)--((++73)^3)^2*3930705441)+-(-e(+3)--((-+x^1*x^0))^2*3930705441)+-x^1


===================================================
Input:
2
g(z,x,y)=+y^+2+  x^+1*y^+ 3-10*			y^  2
h(z)=+	 +80+ 	-z^+1*+99+-z  	 ^2*z  		^2*z^2
+-(+  +exp(62)--exp(x^2))^3*(  +-	47* 	  	(-+00022)*h(x^+2))		^0
Origin:
+-(++e(62)--e(x^2))^3*(+-47*(-+00022)*(++80+-(x^2)^1*+99+-(x^2)^2*(x^2)^2*(x^2)^2))^0


===================================================
Input:
1
g(z)=-+	00010*+3140994639*z^0
+g(exp(x^1))*g(x^	  0)*exp(g(x^0))
Origin:
+(-+00010*+3140994639*(e(x^1))^0)*(-+00010*+3140994639*(x^0)^0)*e((-+00010*+3140994639*(x^0)^0))


===================================================
Input:
2
h(y,x,z)=--z^+2++exp(40)	*15
g(y,z,x)=	 -+y^1-(+ x^1*z^0*-9-+z^+  0)^0-++3457146949*15
+(- 	 	h(+4,-46,-2632156862)+-(++ x^1	)^1* 	h(12,x^1,	x ^+ 0))^2*+2
Origin:
+(-(--(-2632156862)^2++e(40)*15)+-(++x^1)^1*(--(x^0)^2++e(40)*15))^2*+2


===================================================
Input:
0
-+1*exp((---0042* 0009+  +	2675890027*-70)^0)*exp((  -+2162520935*97-76*+3665353145*  	x^+1))
Origin:
-+1*e((---0042*0009++2675890027*-70)^0)*e((-+2162520935*97-76*+3665353145*x^1))


===================================================
Input:
2
h(z,y)=- 53
g(z)=+-2469124987*+25+-+7	 	  *-10
+exp(h(+0022,+49))*h(h(-3,x^+1),-  55)
Origin:
+e((-53))*(-53)


===================================================
Input:
0
+ 	26 	*exp(x^1)
Origin:
+26*e(x^1)


===================================================
Input:
1
h(x,y,z)=	+x^+2*y^		0*-31-+	63	-- 	 	 3614460595  *y^2
+exp(exp(x^+3))*(-+h(		-23,-001,x^2)*h(x^+2,97,-87)*exp(+2))^3*h(h(2,0,x^1),h(x^+1,-0,-1),h(x^+0,x^3,x^2))--exp(h(x^1,  x^+		3,x^+2))
Origin:
+e(e(x^3))*(-+(+(-23)^2*(-001)^0*-31-+63--3614460595*(-001)^2)*(+(x^2)^2*(97)^0*-31-+63--3614460595*(97)^2)*e(+2))^3*(+((+(2)^2*(0)^0*-31-+63--3614460595*(0)^2))^2*((+(x^1)^2*(-0)^0*-31-+63--3614460595*(-0)^2))^0*-31-+63--3614460595*((+(x^1)^2*(-0)^0*-31-+63--3614460595*(-0)^2))^2)--e((+(x^1)^2*(x^3)^0*-31-+63--3614460595*(x^3)^2))


===================================================
Input:
3
f(z,y)=+exp(0)-+( 	--	 3	*	y^1+	 -z	 ^2)^0*exp(-3020979568)
g(y,x)=		 	-8*+96*exp(x^3)-++33*(++	 +096*y^ 	+0*x  	 	^0-+2490789885)^0*	( 	-		3699423586*-0067*26 )^1+exp(y^ 0)	*exp(x^1)*00079
h(z,y,x)=+-exp(-051)* +9*z^+	0--+70+ -exp(y^2)
  +- 	(+x^+1*f(x^+0,x	^1))-		 +2819855889*(--  exp(x^2))^1*h(70,+21,-12)
Origin:
+-(+x^1*(+e(0)-+(--3*(x^1)^1+-(x^0)^2)^0*e(-3020979568)))-+2819855889*(--e(x^2))^1*(+-e(-051)*+9*(70)^0--+70+-e((+21)^2))


===================================================
Input:
0
-	 --7++x^+1*exp(+25)*-0095
Origin:
---7++x^1*e(+25)*-0095


===================================================
Input:
3
g(y,x)=- - 	-998244353
f(y,z)=+y^+	2
h(z)=+-+003914003866*z^2+-32*z^1*	z^1
--(++exp(x^ 	 	+2)		+exp( 4)*exp(	 67)*g( 	x	^+1,-4))*g(x^3,f(x^+1,-00021))
Origin:
--(++e(x^2)+e(4)*e(67)*(---998244353))*(---998244353)


===================================================
Input:
2
h(z,x,y)=++71* 	exp(x^+2)*x^+2-		-z^	  +2*	 x^+0 *exp(64)
g(x,y)=--		x^2*exp(x^+  2)* x^1
+h(exp(x^+2),exp(18),x^2)- -g(exp(65),h(14,80,0059))*h(8,  x^ +2,h(x^2,		x^+ 2,x^	+2))++(+-h(	 x^+2,x	 ^0,x^+3)+  +exp(-13)*exp(78)*-71)^3
Origin:
+(++71*e((e(18))^2)*(e(18))^2--(e(x^2))^2*(e(18))^0*e(64))--(--(e(65))^2*e((e(65))^2)*(e(65))^1)*(++71*e((x^2)^2)*(x^2)^2--(8)^2*(x^2)^0*e(64))++(+-(++71*e((x^0)^2)*(x^0)^2--(x^2)^2*(x^0)^0*e(64))++e(-13)*e(78)*-71)^3


===================================================
Input:
1
h(y,z,x)=	++43*27*y^2
++h((-	 x^+2*0034	*x^1),x^2,h(27,		+0,-75))*-93* 	0012	-( +exp(		2)*(++x^+1*x^0-x^+  3*x^+1	 *+96)^2+h(00013,x^+1,		x^+1))^1*  (---	096 	*h(x^1,x^1,x^	3)+		-		h(x^2,-3,x 	^0))^0*exp(exp(x^		+1))
Origin:
++(++43*27*((-x^2*0034*x^1))^2)*-93*0012-(+e(2)*(++x^1*x^0-x^3*x^1*+96)^2+(++43*27*(00013)^2))^1*(---096*(++43*27*(x^1)^2)+-(++43*27*(x^2)^2))^0*e(e(x^1))


===================================================
Input:
2
f(y,z,x)=+-y^0
g(z)=+-z^+1--  z ^+3
+-f(x^+3,g(-84),f(+000,025,+41))*exp(exp(x		^2))
Origin:
+-(+-(x^3)^0)*e(e(x^2))


===================================================
Input:
2
h(y,z)= -10
g(y,z)=+	exp(-09)*49*+3831096151
++		x^0-+40*h(exp(23),h( 39,+02380426423))
Origin:
++x^0-+40*(-10)


===================================================
Input:
3
h(x,y)=+-y^1*(+  	+y^	2*+0015*	3)^3--exp(y^1)+exp(x^2)
g(z,x,y)=-4*exp(z^+ 1)*			 z^+1++z 	^3*(+-x^+	  		2*18*z^3)^0*y^2-(++x^ +1*+3956620846)^1*exp(+95)*(+-x^+0*+1+x^1 *x^ +2+-x^3*+013)^1
f(y,x)=-+	(-x^+	 3+-+69* 	-02*x^+1 +-+0029*-				00050*+  0)^3*y^+2++	y^1*+41*-67-+x^3*exp(y^+ 3)
+h(x^2,(--11*-2147483647*+00076)^2)* 	 	-  002*exp( 	+1)
Origin:
+(+-((--11*-2147483647*+00076)^2)^1*(++((--11*-2147483647*+00076)^2)^2*+0015*3)^3--e(((--11*-2147483647*+00076)^2)^1)+e((x^2)^2))*-002*e(+1)


===================================================
Input:
2
h(y,x,z)=++exp(x^	 +1)+-72 *88-+z	^1*-008
g(z,y)=+-003941456320*y	 ^+3+ 	97 --998244353  *z		^+	 		3*-10
-g(h(x ^+0,	x^+ 	3,x^3),(+ 	+998244353* 	-0071+-x^+3)^3)*exp(x^+0)
Origin:
-(+-003941456320*((++998244353*-0071+-x^3)^3)^3+97--998244353*((++e((x^3)^1)+-72*88-+(x^3)^1*-008))^3*-10)*e(x^0)


===================================================
Input:
0
-+exp((+3*-32)^0)
Origin:
-+e((+3*-32)^0)


===================================================
Input:
0
--	 (-++38)^0*	 x^ +1*90+	-+2467662681*-13		 *exp(x^+1)
Origin:
--(-++38)^0*x^1*90+-+2467662681*-13*e(x^1)


===================================================
Input:
0
	 +++2147483647*(exp(002147483648)*45*exp(-5))^0 	*  -12-  -x		^+		0*17
Origin:
+++2147483647*(e(002147483648)*45*e(-5))^0*-12--x^0*17


===================================================
Input:
1
h(y,x,z)=-03 	*z^1+-y^+0*30*exp(- 24)+		19*y^+0
+exp(h(x^0,22,x	^+3))
Origin:
+e((-03*(x^3)^1+-(x^0)^0*30*e(-24)+19*(x^0)^0))


===================================================
Input:
2
g(y,z,x)=+- 6*4*z^3
h(y,x)=++x^1*y^+0*47
-+exp(exp(x	^		+  2))*x^1*x^1
Origin:
-+e(e(x^2))*x^1*x^1


===================================================
Input:
3
h(z,y)=++		-2+-0013*-7	 +++0*z 	^+3*y^+	 2
f(y)=-32*-05--15-+y^2*y^+3*y^+1
g(x)=++-41* x^0*x^+0+7*x^+1++x^2*+ 16
-f((-+x^2 	*x^1*x^2+-x^0)^3)*exp(+6)*f(exp(+93))-52
Origin:
-(-32*-05--15-+((-+x^2*x^1*x^2+-x^0)^3)^2*((-+x^2*x^1*x^2+-x^0)^3)^3*((-+x^2*x^1*x^2+-x^0)^3)^1)*e(+6)*(-32*-05--15-+(e(+93))^2*(e(+93))^3*(e(+93))^1)-52


===================================================
Input:
3
h(x,z,y)=+ 	x^+2*-21*2575496149
f(z,x,y)=	    +-x^  		2*-69*	x^+2
g(z,x)=++z^1-+x^+2
-+-27*exp(h(31,-1,x^1))*h((-+-55*0065)^1,+70,f(x^0,x^	2,x^2))--+ 2147483648*f(f(-01,+5,x^+0),(+x^1*x^+0*x^+0),(-	+25)^1)*g(exp(53),h(	+47,x ^+0,0))
Origin:
-+-27*e((+(31)^2*-21*2575496149))*(+((-+-55*0065)^1)^2*-21*2575496149)--+2147483648*(+-((+x^1*x^0*x^0))^2*-69*((+x^1*x^0*x^0))^2)*(++(e(53))^1-+((+(+47)^2*-21*2575496149))^2)


===================================================
Input:
3
g(z)=++	-0005*exp(+ 1)++exp(42)*-8*z^2++z^+3
f(z,y,x)=-	 +80*exp(+4)
h(z,x,y)= 	--x^1+exp(z^2)-z^+2*exp(77)
-x	 ^+3*exp(f(x^+0,x^3,x^0))++f((+x^2*x^+0- 	+0+ 	+-61 *x	^+1),f(x^+	2,98,39),h(	 x^+1,x	^+0,85))
Origin:
-x^3*e((-+80*e(+4)))++(-+80*e(+4))


===================================================
Input:
3
h(y)=-+13  *y^2*+00096
f(y,z)=-z^+1* 	y^	 +0*96
g(z,y,x)=+x	 ^1*x^2-+z^	 0	 *		y^+0*y ^+2
-+exp(h(-66))*(			-exp(x^+ 0)  *x^3+exp(x^+2)  * +8)^2
Origin:
-+e((-+13*(-66)^2*+00096))*(-e(x^0)*x^3+e(x^2)*+8)^2


===================================================
Input:
3
g(y,z)=-y^2*31-  +-031++ 	 + 	72*+36*z				 ^+2
h(x,z)=-  x^+2*z^+2*0004093481334++27* z^ 1-	 -12*	 x^+2
f(z)=++z^		2
-g((  -x^3)^1,exp(+25)) *exp(x^+		 		3) *x^1
Origin:
-(-((-x^3)^1)^2*31-+-031+++72*+36*(e(+25))^2)*e(x^3)*x^1


===================================================
Input:
2
h(z,x,y)=		+86*y^1*+67
f(y,z,x)=---54		*		 0
+	+h((--x^+2++ x^2 *x^+3*-0071+		-95	*+0*+72)^2,(- -x^2-	-x^3*x^0+-+2953279118)^1,f(-7,x^+2,x 	^+0))*x		^+1+- x^ 	1*h(exp(x^1),x^2,exp(x^2))-exp(exp(  +4294967296))
Origin:
++(+86*((---54*0))^1*+67)*x^1+-x^1*(+86*(e(x^2))^1*+67)-e(e(+4294967296))


===================================================
Input:
1
g(y,x,z)=-x^+0*x^2
+-exp(g(38,x^1,-3496151323))-+(-exp(x^+0)*x^+1*exp(x^3)+-(+-3988477426)^1-+g(	x^3,-41,+09)* 	x^2*exp( 	x^+0))* 11* 	x^2
Origin:
+-e((-(x^1)^0*(x^1)^2))-+(-e(x^0)*x^1*e(x^3)+-(+-3988477426)^1-+(-(-41)^0*(-41)^2)*x^2*e(x^0))*11*x^2


===================================================
Input:
3
f(y,z,x)=+  +y^ 3* y^2*+ 66+z	 	 ^0
g(z,x,y)=x^2++1	 *y^+2*-68
h(z,x,y)= --y	^3--2345267381+x^+2
+  - 	x^3*	h(x^2,(+	-3* x^2+-+46+		 	x^1*026*x^3),f(+ 77,x^+3,x^2))*x^+2
Origin:
+-x^3*(--((++(+77)^3*(+77)^2*+66+(x^3)^0))^3--2345267381+((+-3*x^2+-+46+x^1*026*x^3))^2)*x^2


===================================================
Input:
3
f(z,x,y)=-z^+0
h(z,x)=+	 --59*z^2--+0001-z^1*x 	^+0  *-4294967296
g(z)=		++z^+3*z 	^	 1*z^2+-z^+		1*+2 *67
 + 14*h(exp(x^+3),(+-x^+3	 +-009)^3)*h(exp(x^0),exp(x^+0))-	-h(exp(-98),exp(012))		*f(h(x^  +2,x^2),exp(+ 	5),h(+00050,x	^1))*exp((	++x^ 	+1+x  ^+3*		+0077)^2)
Origin:
+14*(+--59*(e(x^3))^2--+0001-(e(x^3))^1*((+-x^3+-009)^3)^0*-4294967296)*(+--59*(e(x^0))^2--+0001-(e(x^0))^1*(e(x^0))^0*-4294967296)--(+--59*(e(-98))^2--+0001-(e(-98))^1*(e(012))^0*-4294967296)*(-((+--59*(x^2)^2--+0001-(x^2)^1*(x^2)^0*-4294967296))^0)*e((++x^1+x^3*+0077)^2)


===================================================
Input:
0
+(-+	x^+2*(-x^2*x^1))^1*(-59+-	  		exp(+13)*exp(998244353)--		exp(x^2))*10-2147483648*(+(++0*x^+3*x^0)*	(+	 -x^3*x^  +3-		x^	0*x^+0*  x^+  0--0087)^0*31-+	exp(-0)++(-  +x^	 3*	+15+	x^+0)^1)^1
Origin:
+(-+x^2*(-x^2*x^1))^1*(-59+-e(+13)*e(998244353)--e(x^2))*10-2147483648*(+(++0*x^3*x^0)*(+-x^3*x^3-x^0*x^0*x^0--0087)^0*31-+e(-0)++(-+x^3*+15+x^0)^1)^1


===================================================
Input:
1
g(y,z)=--	exp(-23)*y^+	 0+ 			-(-37*y^1+y^+1- +y^1*z^+1)^0*y^	2-z^+0
-+g(94,33)+-exp(exp(x^3))*exp(x^+2)
Origin:
-+(--e(-23)*(94)^0+-(-37*(94)^1+(94)^1-+(94)^1*(33)^1)^0*(94)^2-(33)^0)+-e(e(x^3))*e(x^2)


===================================================
Input:
0
+-0003166905377*(++exp(x^2)*+83-(+	 +x^1*+1)^1-+-4294967296*	 ( 			+24*x^3*-041--1*+2894155093+52)^2)^0*(+-11*+12*-6++0+-+0065		*exp(x  ^+2))
Origin:
+-0003166905377*(++e(x^2)*+83-(++x^1*+1)^1-+-4294967296*(+24*x^3*-041--1*+2894155093+52)^2)^0*(+-11*+12*-6++0+-+0065*e(x^2))


===================================================
Input:
2
f(y,x)=+	y^1*	exp(y^+ 1)*(  --97*y^+0*+70)^1-x^ 			+3*  +0
g(x)=x ^+0*x^+3*x^+2
  + 	1*g(-45)*g(exp(3202260886))+( 	+-(+  +-52*076*x^1-x^2*				 x^+0-+19*x^+3*  x^3)^2*exp(+30)*g( x^2))^3+ 	-g(	(13- +50++x^ 	2*-73		 		)^1)
Origin:
+1*((-45)^0*(-45)^3*(-45)^2)*((e(3202260886))^0*(e(3202260886))^3*(e(3202260886))^2)+(+-(++-52*076*x^1-x^2*x^0-+19*x^3*x^3)^2*e(+30)*((x^2)^0*(x^2)^3*(x^2)^2))^3+-(((13-+50++x^2*-73)^1)^0*((13-+50++x^2*-73)^1)^3*((13-+50++x^2*-73)^1)^2)


===================================================
Input:
1
g(x,z,y)=+(-+051*		-24)*z^+3++-0081-z^+	1*+00088*	 +049
+-g(-0,g(x		^+1,x^+0,-	 000),54)++	 exp(exp(		51))*g(g(x^0,x  ^+3, 	x^2),-3155159747,exp(28))-exp(g(x^2,x^3,-018))*g(g(-0002710634764,+1,x^1),g(+003317847336,		x^+0,-22),(--	+22-x^2*x^+0   )^3)
Origin:
+-(+(-+051*-24)*((+(-+051*-24)*(x^0)^3++-0081-(x^0)^1*+00088*+049))^3++-0081-((+(-+051*-24)*(x^0)^3++-0081-(x^0)^1*+00088*+049))^1*+00088*+049)++e(e(51))*(+(-+051*-24)*(-3155159747)^3++-0081-(-3155159747)^1*+00088*+049)-e((+(-+051*-24)*(x^3)^3++-0081-(x^3)^1*+00088*+049))*(+(-+051*-24)*((+(-+051*-24)*(x^0)^3++-0081-(x^0)^1*+00088*+049))^3++-0081-((+(-+051*-24)*(x^0)^3++-0081-(x^0)^1*+00088*+049))^1*+00088*+049)


===================================================
Input:
3
h(z,x,y)=+x^3*   	y	^+1
f(x,z,y)=010
g(z)=-exp(z^2)*exp(z^2)		*z		^1-		z^+ 	2*z		^2		++z^1
+-exp(f(x^+1,+5,x	^0))*h(h(	x	^	1,2292684086,11),h(00017,x^+2,2147483648),(-0998244353*x^+2+-		-	7)^0)+-f(f(x^  0,x^1,x	   ^1),h( 43,x^+1,x^2),g(x^3))+-exp(h(+998244353,x^2,x^2))  *exp(70)
Origin:
+-e((010))*(+((+(x^2)^3*(2147483648)^1))^3*((-0998244353*x^2+--7)^0)^1)+-(010)+-e((+(x^2)^3*(x^2)^1))*e(70)


===================================================
Input:
2
g(y,z)=	+-+100*66*	y^+0++-1++z^2*y^1
f(z,y)=--y^+2*0
+exp(f(-	2147483648,17))*(++g(x^+3,x^1)-+g(x^1,x^2))*x^+2+g(g(x  ^	 +1,0),exp(72))*exp(f(-0054,x^ +1))*(+(+x^0*15*x^  +2))^0
Origin:
+e((--(17)^2*0))*(++(+-+100*66*(x^3)^0++-1++(x^1)^2*(x^3)^1)-+(+-+100*66*(x^1)^0++-1++(x^2)^2*(x^1)^1))*x^2+(+-+100*66*((+-+100*66*(x^1)^0++-1++(0)^2*(x^1)^1))^0++-1++(e(72))^2*((+-+100*66*(x^1)^0++-1++(0)^2*(x^1)^1))^1)*e((--(x^1)^2*0))*(+(+x^0*15*x^2))^0


===================================================
Input:
3
g(y,x,z)=-exp(-12)--  -12*  +22*z^	  	 +2+-z^+1
h(z,x)=--    (-+z	^+ 	2  *-000-x^2*z^0--00078)^0*exp(x^  0)+--05*x^+1--x^+0*exp(z^2)	* 	(--998244353+-42*1*- 067--78)^1
f(z,x,y)=-+(- 	 	+x^3* 	 			54*2147483648++y^3*z	^+3*  z^1+-y^1*x^	+2)^1*-	 069*  +6--(--998244353*3481043202++84--x^+1*48)^0*exp(70)
+f(h(x^+2,56),15,x^2)
Origin:
+(-+(-+(15)^3*54*2147483648++(x^2)^3*((--(-+(x^2)^2*-000-(56)^2*(x^2)^0--00078)^0*e((56)^0)+--05*(56)^1--(56)^0*e((x^2)^2)*(--998244353+-42*1*-067--78)^1))^3*((--(-+(x^2)^2*-000-(56)^2*(x^2)^0--00078)^0*e((56)^0)+--05*(56)^1--(56)^0*e((x^2)^2)*(--998244353+-42*1*-067--78)^1))^1+-(x^2)^1*(15)^2)^1*-069*+6--(--998244353*3481043202++84--(15)^1*48)^0*e(70))


===================================================
Input:
0
++ (++exp(x^+2)*61 *exp(x^+2)+exp(72)*	exp(56))^1++(+60*37*+58-0002*-4294967296*x^+0)*(+2492251872*	x^0)*-006
Origin:
++(++e(x^2)*61*e(x^2)+e(72)*e(56))^1++(+60*37*+58-0002*-4294967296*x^0)*(+2492251872*x^0)*-006


===================================================
Input:
0
+exp(-33)*x^  0+exp(+81)
Origin:
+e(-33)*x^0+e(+81)


===================================================
Input:
0
- 	  -+094-+exp(51)*14*exp(35)
Origin:
--+094-+e(51)*14*e(35)


===================================================
Input:
2
g(z,y)=---65+y^1	*y^3
h(x,y,z)=--  		z^+1-	-z^+2*z^+2*32
+-h(g(x^+3,x^+0),x^1,exp(x^+1))*h(exp(007),g(44,+ 		 72),g(0,x^2))
Origin:
+-(--(e(x^1))^1--(e(x^1))^2*(e(x^1))^2*32)*(--((---65+(x^2)^1*(x^2)^3))^1--((---65+(x^2)^1*(x^2)^3))^2*((---65+(x^2)^1*(x^2)^3))^2*32)


===================================================
Input:
3
f(z,x)=z^2++998244353*z	^+2
g(x,z,y)=+y^	+2*00054-+z^2+-039*z^+1
h(z,y,x)=++z^+1*2147483647*x^+3--1*y^	0
++h(f(-09,x^2),(-   ++0007*x^2+x^2*	  -11-- x^+0*x^+2*99) ^3,exp(x^+1))*f(f(x^+2,-13),h(00073,-74,- 		85))
Origin:
++(++(((-09)^2++998244353*(-09)^2))^1*2147483647*(e(x^1))^3--1*((-++0007*x^2+x^2*-11--x^0*x^2*99)^3)^0)*((((x^2)^2++998244353*(x^2)^2))^2++998244353*(((x^2)^2++998244353*(x^2)^2))^2)


===================================================
Input:
2
h(y,x)=+y^+3*y	 ^+2*exp(y^+1)
f(x,z)=++-57*exp(7)+-+81*exp(-96)-+-2*x^3
 	+-exp(h(x^0,+62))-h(exp(-28),+15)
Origin:
+-e((+(x^0)^3*(x^0)^2*e((x^0)^1)))-(+(e(-28))^3*(e(-28))^2*e((e(-28))^1))


===================================================
Input:
1
g(x,y)=y^+3*-0*	44
 -exp(x^0)--g(exp(x	^+1),x^1)*g(exp(- 89),  (-+x ^+1*40*x^3++-00071*39*x^+2)^2)-g(x^+0,(- +01*-100- +67*+11*x^0)^3)*g(exp(x^+0),(+-x^+1)^3)*		+00011
Origin:
-e(x^0)--((x^1)^3*-0*44)*(((-+x^1*40*x^3++-00071*39*x^2)^2)^3*-0*44)-(((-+01*-100-+67*+11*x^0)^3)^3*-0*44)*(((+-x^1)^3)^3*-0*44)*+00011


===================================================
Input:
2
f(y,x,z)=+z^+0*y^+3
g(x,z,y)=--33*x^3*1--33*y^2* z^2
-f(exp(x^1),g(x^1,x^+2,36),g(x^1,6,x	^+2))
Origin:
-(+((--33*(x^1)^3*1--33*(x^2)^2*(6)^2))^0*(e(x^1))^3)


===================================================
Input:
3
g(y,z)=+34*+46-+-079*y^1
h(y,x)=+y^0*		y ^  +1*114514
f(x,y,z)=+-50*0001+-z^1*66-- 	x^+ 0*y^+2*-47
+exp(g(x^0,x  ^2))*(-exp(-3251288878)	+		exp(x^+1)*-10)+( ++exp(	x^+2)*(++75-+2*   x^+0)*x	^0  -+-12*	exp(43)*1)^2*g((-x^1*x^+0)^1,exp(x^+	 2))*x^1
Origin:
+e((+34*+46-+-079*(x^0)^1))*(-e(-3251288878)+e(x^1)*-10)+(++e(x^2)*(++75-+2*x^0)*x^0-+-12*e(43)*1)^2*(+34*+46-+-079*((-x^1*x^0)^1)^1)*x^1


===================================================
Input:
0
++85*exp(exp(	8))
Origin:
++85*e(e(8))


===================================================
Input:
2
g(y,x,z)=-y^+1+ 2147483649*		8- 	-47* 	y		^+0
h(y,x)=-x^+3*     y^+2	-+56*x  ^+ 1*-94-22*	 	y^3*+17
+ 	-h((++x^0*12+-36++		+0053*+44)^0,exp(x^+3))+ 	-+24*exp(exp(-13))*-8
Origin:
+-(-(e(x^3))^3*((++x^0*12+-36+++0053*+44)^0)^2-+56*(e(x^3))^1*-94-22*((++x^0*12+-36+++0053*+44)^0)^3*+17)+-+24*e(e(-13))*-8


===================================================
Input:
3
g(x)=-+		+000+--93*exp(+7)*10-	 72*-39
f(y,x,z)=-z^ 2++5*exp(y^0)
h(y)=	+ 	 -y^0*-37
++f((+-81*x^+1	 *0),(	 -x^+0	*+65*-53),exp(x^0))*90
Origin:
++(-(e(x^0))^2++5*e(((+-81*x^1*0))^0))*90


===================================================
Input:
3
f(x,y)=-y^+0*x^+2*-3 	+y^1*  -88*14++3	*+0018
h(y)=++	-		3679436198 		 	*y^	 +1+++		0035*	42
g(z,y)=-+z^2*  y^+0*+27+- z^+0+	 	  -0002277942814
	-f(f(x^  +1,0014),f(5,+1))++- 2369945328--exp(exp(x^ 	3))*(h(3048596150)* 	 g(-94,12)--exp(-39)*(-x 	^2* 	3914900066-+	x^1* 97*-0000)*(	+ 	-+2147483647 -x^2++x^ +3*	+		12*-31))^1
Origin:
-(-((-(+1)^0*(5)^2*-3+(+1)^1*-88*14++3*+0018))^0*((-(0014)^0*(x^1)^2*-3+(0014)^1*-88*14++3*+0018))^2*-3+((-(+1)^0*(5)^2*-3+(+1)^1*-88*14++3*+0018))^1*-88*14++3*+0018)++-2369945328--e(e(x^3))*((++-3679436198*(3048596150)^1+++0035*42)*(-+(-94)^2*(12)^0*+27+-(-94)^0+-0002277942814)--e(-39)*(-x^2*3914900066-+x^1*97*-0000)*(+-+2147483647-x^2++x^3*+12*-31))^1


===================================================
Input:
2
g(y,x,z)=-+0*exp(35)-+exp(x^2)*z^3*exp(y^3)+exp( 	+0084)*+81
h(z,x,y)=+-exp(	+0)*exp(+2731671674)
 -h(x^1,h(x^+2,0,	x^  1),exp(-7))*x^1
Origin:
-(+-e(+0)*e(+2731671674))*x^1


===================================================
Input:
0
 	 		-exp(	97)*+0000	 *exp(exp(x^+ 2))-		89+-075*exp(14)*+1
Origin:
-e(97)*+0000*e(e(x^2))-89+-075*e(14)*+1


===================================================
Input:
1
h(z,x)=++3---   	 13*z^0 		 	++x^+2*z^2
+(+			 -exp(x^3)*exp(x^+0)-+exp(x^2)*		 		exp(+5)+	    +(+x^2*x^+1--4*-3552064477)^1*	 (---8*-00078*x^2-x^3	++x^+0* -2147483647)^3 *h(x^+1,x^0))
Origin:
+(+-e(x^3)*e(x^0)-+e(x^2)*e(+5)++(+x^2*x^1--4*-3552064477)^1*(---8*-00078*x^2-x^3++x^0*-2147483647)^3*(++3---13*(x^1)^0++(x^0)^2*(x^1)^2))


===================================================
Input:
2
g(x,y)=-+-61		*(+++20*27*y^+2+  +x^3*x^		+1*	+44+	y^+0*	17*y^1)*exp(y^+0)
f(y,z,x)=---74  		 *y^+ 	2+y^+2* 	x^2*exp(x	^+1)+	y^2
-+exp(2147483649)*f(16,g(x^	+0,x^+2),x^1)
Origin:
-+e(2147483649)*(---74*(16)^2+(16)^2*(x^1)^2*e((x^1)^1)+(16)^2)


===================================================
Input:
3
h(x)= +		-x ^ 3*x^+3*x^2++x^3* +	00012
g(x)=-x^+0*-64*-998244353 			--  61*-0
f(y,z)=+-y^  1+82*-2*y^+ 0+-z^1*-53*z^  +3
++h(h(-20))+	 -f(exp(3),(	 --x^0-x^0)^0)- 	-exp(exp(x^2))
Origin:
++(+-((+-(-20)^3*(-20)^3*(-20)^2++(-20)^3*+00012))^3*((+-(-20)^3*(-20)^3*(-20)^2++(-20)^3*+00012))^3*((+-(-20)^3*(-20)^3*(-20)^2++(-20)^3*+00012))^2++((+-(-20)^3*(-20)^3*(-20)^2++(-20)^3*+00012))^3*+00012)+-(+-(e(3))^1+82*-2*(e(3))^0+-((--x^0-x^0)^0)^1*-53*((--x^0-x^0)^0)^3)--e(e(x^2))


===================================================
Input:
1
g(y,z)=--exp(11)*	  y^3	 	 -+	 ( ++		z^+0*	4)* y^+2*z^+3--exp(86)*exp(+3557690049)*(+z^2 		  -	y^  +3*-84)^1
exp(g(		x^+2,x^1))*g(g(x^2,-9),g(x^0,84))*exp(x^3)-+exp((--x^0+1*		x^1+x	^3)) 	*100
Origin:
e((--e(11)*(x^2)^3-+(++(x^1)^0*4)*(x^2)^2*(x^1)^3--e(86)*e(+3557690049)*(+(x^1)^2-(x^2)^3*-84)^1))*(--e(11)*((--e(11)*(x^2)^3-+(++(-9)^0*4)*(x^2)^2*(-9)^3--e(86)*e(+3557690049)*(+(-9)^2-(x^2)^3*-84)^1))^3-+(++((--e(11)*(x^0)^3-+(++(84)^0*4)*(x^0)^2*(84)^3--e(86)*e(+3557690049)*(+(84)^2-(x^0)^3*-84)^1))^0*4)*((--e(11)*(x^2)^3-+(++(-9)^0*4)*(x^2)^2*(-9)^3--e(86)*e(+3557690049)*(+(-9)^2-(x^2)^3*-84)^1))^2*((--e(11)*(x^0)^3-+(++(84)^0*4)*(x^0)^2*(84)^3--e(86)*e(+3557690049)*(+(84)^2-(x^0)^3*-84)^1))^3--e(86)*e(+3557690049)*(+((--e(11)*(x^0)^3-+(++(84)^0*4)*(x^0)^2*(84)^3--e(86)*e(+3557690049)*(+(84)^2-(x^0)^3*-84)^1))^2-((--e(11)*(x^2)^3-+(++(-9)^0*4)*(x^2)^2*(-9)^3--e(86)*e(+3557690049)*(+(-9)^2-(x^2)^3*-84)^1))^3*-84)^1)*e(x^3)-+e((--x^0+1*x^1+x^3))*100


===================================================
Input:
2
g(x)=-7*x^1
h(y,z)=+-z^+3	*-26* -87--	 z ^	 +0--y^	 1*y^+2*+100
	 ++g(h(x^1,14)) -+35*exp(h(x^3,+	01))*3
Origin:
++(-7*((+-(14)^3*-26*-87--(14)^0--(x^1)^1*(x^1)^2*+100))^1)-+35*e((+-(+01)^3*-26*-87--(+01)^0--(x^3)^1*(x^3)^2*+100))*3


===================================================
Input:
3
f(x,z,y)=++x^3*02147483648-  +z^ 3*  -85
h(y,z)=-		 38*y		^2*y^+2-15*-74++00026*z^1
g(y,z)=--y^+2*+70	 *z^3
-	+( 	--f(x^+0,3,00032))^2*h(f(x^+2,30,x 	^0),x^+2)*( ++h(x^+2,x^+2)*g(x^+1,3) +- (+-x^1++004294967296+	00053)^1*f(+3,x^+1,x^+0)*x^1-			+ 	 	-47*	g(x^ +2,+8))
Origin:
-+(--(++(x^0)^3*02147483648-+(3)^3*-85))^2*(-38*((++(x^2)^3*02147483648-+(30)^3*-85))^2*((++(x^2)^3*02147483648-+(30)^3*-85))^2-15*-74++00026*(x^2)^1)*(++(-38*(x^2)^2*(x^2)^2-15*-74++00026*(x^2)^1)*(--(x^1)^2*+70*(3)^3)+-(+-x^1++004294967296+00053)^1*(++(+3)^3*02147483648-+(x^1)^3*-85)*x^1-+-47*(--(x^2)^2*+70*(+8)^3))


===================================================
Input:
0
-   	 (++x^+	 3*exp(-96)* 	(++21)^2--02147483649-  ++65*x^+0*exp(-97))^1*+002976481489
Origin:
-(++x^3*e(-96)*(++21)^2--02147483649-++65*x^0*e(-97))^1*+002976481489


===================================================
Input:
1
f(x,z,y)=+00081*z^+1---96
+exp(f(x^2,			x^3,80))
Origin:
+e((+00081*(x^3)^1---96))


===================================================
Input:
2
f(x)=+-	x^+2*(+- 		0++48*-7)	 ++exp(x  ^+3)*x^+3
g(y,z)=-+(--92---79-z^3	*12)^1
-+g(exp(14),+3)*  (-(	44*002327181479++ 		000*x^+1*x^+3--008*76*52)^0*f(-0)*x^+2-(+  x^+0* -100+- 	-00040*+4	-+x^2*-87*	x^0)^3*x^2-+ exp(x^+2)*x^1*g(x^2,	52)) ^1
Origin:
-+(-+(--92---79-(+3)^3*12)^1)*(-(44*002327181479++000*x^1*x^3--008*76*52)^0*(+-(-0)^2*(+-0++48*-7)++e((-0)^3)*(-0)^3)*x^2-(+x^0*-100+--00040*+4-+x^2*-87*x^0)^3*x^2-+e(x^2)*x^1*(-+(--92---79-(52)^3*12)^1))^1


===================================================
Input:
3
g(y)=   	y^2*y^+2+-y^1
h(y,z,x)=--+7*exp(	9)*x^2-+z^0*114514
f(y,x)=+- 0*exp(x		^+3)-exp(x^3)*-	2368009361
-- 5* 	f(x^+0,(x^2+-  +00065*+61--x^ 	1* 	86)^2)*exp(x^1)+++66-+f(x^+2,f(x^1,x^ +	 		3)) *f(		(	+	 +76	+x^1)^2,x^+1)*h(h(x^		+3,x^+2,  		x^1),x^+0,(+0015))
Origin:
--5*(+-0*e(((x^2+-+00065*+61--x^1*86)^2)^3)-e(((x^2+-+00065*+61--x^1*86)^2)^3)*-2368009361)*e(x^1)+++66-+(+-0*e(((+-0*e((x^3)^3)-e((x^3)^3)*-2368009361))^3)-e(((+-0*e((x^3)^3)-e((x^3)^3)*-2368009361))^3)*-2368009361)*(+-0*e((x^1)^3)-e((x^1)^3)*-2368009361)*(--+7*e(9)*((+0015))^2-+(x^0)^0*114514)


===================================================
Input:
3
h(z)=+z^2*z^3*z^+2++-17*		0003*z^+0--3319268666*6*-	 		08
g(y,x)=-+89	*y^+3*15--x^1*y^1
f(z,x)=++z^+1*x^+1*70
--h(g(14,x^2))-+g(f(- 		71,-98),h(x^	1))*g(f(x^3,x^+3),exp(+ 97))*g(g(x^1,+00076),-79)-	(-x^0-	 +f(-56,-74))*h(x^1)* exp(f(x^+0,x^+1))
Origin:
--(+((-+89*(14)^3*15--(x^2)^1*(14)^1))^2*((-+89*(14)^3*15--(x^2)^1*(14)^1))^3*((-+89*(14)^3*15--(x^2)^1*(14)^1))^2++-17*0003*((-+89*(14)^3*15--(x^2)^1*(14)^1))^0--3319268666*6*-08)-+(-+89*((++(-71)^1*(-98)^1*70))^3*15--((+(x^1)^2*(x^1)^3*(x^1)^2++-17*0003*(x^1)^0--3319268666*6*-08))^1*((++(-71)^1*(-98)^1*70))^1)*(-+89*((++(x^3)^1*(x^3)^1*70))^3*15--(e(+97))^1*((++(x^3)^1*(x^3)^1*70))^1)*(-+89*((-+89*(x^1)^3*15--(+00076)^1*(x^1)^1))^3*15--(-79)^1*((-+89*(x^1)^3*15--(+00076)^1*(x^1)^1))^1)-(-x^0-+(++(-56)^1*(-74)^1*70))*(+(x^1)^2*(x^1)^3*(x^1)^2++-17*0003*(x^1)^0--3319268666*6*-08)*e((++(x^0)^1*(x^1)^1*70))


===================================================
Input:
2
h(y)=--y^1*	 +25-++  089*y  ^3*+	 12+ +   y^+1
g(x)=-x	 ^+ 	2*x^+	1	 *-3673497607-exp(x^0)*+	0100*x^+3
+	-x^0*h(x^1)
Origin:
+-x^0*(--(x^1)^1*+25-++089*(x^1)^3*+12++(x^1)^1)


===================================================
Input:
2
h(z,y)=-	exp(- 48)*z^2
g(z,x)= --23* (-+z^ 		 +2*-15-z^2*z  ^1*-2147483648)^0 	*exp(z^2) -z^0*+052
--exp((++ 	+38))
Origin:
--e((+++38))


===================================================
Input:
3
h(x,z)=(+3)^3
f(y)=-		+		00091*		-2147483649++ exp(+ 	0015)*exp(+55)
g(x,y,z)=-+x^ 3*x^	+3++00088*	 z^3*	z^ 0
	++f((-0056*x^+0	* 68+91*x^+2*	-					02289125345--13*+5)^3)
Origin:
++(-+00091*-2147483649++e(+0015)*e(+55))


===================================================
Input:
2
g(z)=+exp(z^3)*exp(00055)*000++(+-z^   		+0*+ 54*z^0-+000*z^1)*exp(0010)*+007
h(x)=--(+-x^+2*-00097)		^2*x^3* exp(x^ 3)+exp(74)*x^+2*-92
-h(h(x^0))*exp(exp(31))
Origin:
-(--(+-((--(+-(x^0)^2*-00097)^2*(x^0)^3*e((x^0)^3)+e(74)*(x^0)^2*-92))^2*-00097)^2*((--(+-(x^0)^2*-00097)^2*(x^0)^3*e((x^0)^3)+e(74)*(x^0)^2*-92))^3*e(((--(+-(x^0)^2*-00097)^2*(x^0)^3*e((x^0)^3)+e(74)*(x^0)^2*-92))^3)+e(74)*((--(+-(x^0)^2*-00097)^2*(x^0)^3*e((x^0)^3)+e(74)*(x^0)^2*-92))^2*-92)*e(e(31))


===================================================
Input:
3
g(z)=+			  exp(2147483649)*z^2
h(z,x)=-+exp(-4061470546) 	*0003825682753
f(x)=+exp(+2795053719)*0*exp(x^0)--(+-+	 1*x^3*x^+2)^1
++(   		-+ 	exp(-14)*88-00079*-2)+ +f((+	+	 x^+3 *+	2675327343))* x^+ 	3
Origin:
++(-+e(-14)*88-00079*-2)++(+e(+2795053719)*0*e(((++x^3*+2675327343))^0)--(+-+1*((++x^3*+2675327343))^3*((++x^3*+2675327343))^2)^1)*x^3


===================================================
Input:
1
f(z,x,y)=+ +00014--x^1*11+z^+0*		7				 *x^+1
-+f((+0003865767730*1),f(x^+1,+29,x	^3),exp(-0007))*exp(f(3423432443,x^+1,x^+1))*x^2+x^+2+-(-  62--f(+80,x^ +3,x^0))^3*exp(f(-96,+46,-61))* 	x^+2
Origin:
-+(++00014--((++00014--(+29)^1*11+(x^1)^0*7*(+29)^1))^1*11+((+0003865767730*1))^0*7*((++00014--(+29)^1*11+(x^1)^0*7*(+29)^1))^1)*e((++00014--(x^1)^1*11+(3423432443)^0*7*(x^1)^1))*x^2+x^2+-(-62--(++00014--(x^3)^1*11+(+80)^0*7*(x^3)^1))^3*e((++00014--(+46)^1*11+(-96)^0*7*(+46)^1))*x^2


===================================================
Input:
1
h(y,x,z)=-+ y^2*(--z^+1*x^2*0076-		-y^+0*33--x^2)
h(exp(-90),exp(-81),+89)*x^+1+81*x		^+1
Origin:
(-+(e(-90))^2*(--(+89)^1*(e(-81))^2*0076--(e(-90))^0*33--(e(-81))^2))*x^1+81*x^1


===================================================
Input:
3
h(z,y,x)=-(-x^+2*x^+	3--0003482394260*x^+1*x^+0-  y^+2)^3+ 	+-2147483647*-0002*(++0*y^2+--12*37* z^+2)^1-	-exp(+11)*exp(x ^+0)
g(y)=+++1* -27
f(x)=-x^+1
+		-(-+g(x^+ 3)*exp(x^+1)-+-75* (-x^3)^1-+	exp(x^+  	 2)*exp(x^2))^1*exp(x^+1) *h(x  ^1,x^+2,exp(023))
Origin:
+-(-+(+++1*-27)*e(x^1)-+-75*(-x^3)^1-+e(x^2)*e(x^2))^1*e(x^1)*(-(-(e(023))^2*(e(023))^3--0003482394260*(e(023))^1*(e(023))^0-(x^2)^2)^3++-2147483647*-0002*(++0*(x^2)^2+--12*37*(x^1)^2)^1--e(+11)*e((e(023))^0))


===================================================
Input:
2
g(x,y,z)=z^0+-(	-00010-++60+-y^+2)^3+-	y^+3	* exp(+30)
h(y,z,x)=-+	-82*x^0*x^+1
--exp(exp(x^2))
Origin:
--e(e(x^2))


===================================================
Input:
2
g(z)=-	 -12
f(y)=-+-9* -95++ y^+1*-18
+f(-3)*exp(x		^	 +0)*g(exp(x^2))
Origin:
+(-+-9*-95++(-3)^1*-18)*e(x^0)*(--12)


===================================================
Input:
1
h(y,z)=	++y 	  ^+1
+h((-+x^+		2 *x^+1 	*67--+84*	 		86),exp(x^3))*h((++	+19*-0061-x^2 *x^2)^1,exp(x^2))-(   	+91*exp(x^0)*h(038,x^+1)-+(+x^+3*12*x^3---4*039)*h(   	 x^+2,x^3))*+88+-exp(x^2)
Origin:
+(++((-+x^2*x^1*67--+84*86))^1)*(++((+++19*-0061-x^2*x^2)^1)^1)-(+91*e(x^0)*(++(038)^1)-+(+x^3*12*x^3---4*039)*(++(x^2)^1))*+88+-e(x^2)


===================================================
Input:
0
-+2147483649*00022-+(+exp(71)*exp(+  80)*exp(+0028)-+69*		-5*95-+-8*19)-+x^1
Origin:
-+2147483649*00022-+(+e(71)*e(+80)*e(+0028)-+69*-5*95-+-8*19)-+x^1


===================================================
Input:
3
h(z,y,x)=+ ++ 	79--x^0++12
f(y,z)=		+ +21*1 	*	19
g(z,y)=		+-z^ +  0*z^2*	 	 44- +3433692413
++x^1-exp(exp(+76))+	- 	exp(h(-72,x^+2,+37))*f(f(x	 	^1,		-30),exp(-04))*( ++4*(x^	2- ++71*5*x^+1)^2*(+	+84*x^+	3*x 	^+2)^0+ 	-x^+1)
Origin:
++x^1-e(e(+76))+-e((+++79--(+37)^0++12))*(++21*1*19)*(++4*(x^2-++71*5*x^1)^2*(++84*x^3*x^2)^0+-x^1)


===================================================
Input:
1
g(z,y)=++z^ 	1*099*0002190890829+++29-2197374860*+001*+0
+	+exp(exp(x^+1)) 	+ -x^0-g(	81,g(+		4,1))
Origin:
++e(e(x^1))+-x^0-(++(81)^1*099*0002190890829+++29-2197374860*+001*+0)


===================================================
Input:
3
f(y,x,z)=-+z^+1*   +014  +		--1+ 	-2147483649*x^+ 0
g(x,y,z)=++85+	 2*+42+--40*z^2
h(y,x,z)=--3451367770*-2522173927*3199248781+-x^+	0*		  x^+3
+	-f(g(x^+2,77,36),h(		x^2,x^+2,+8),g(16,x^+0,x^+3))		-- 	  	2794035903*f(f(x^+  1,6,x^0),exp(13),x^+2)*exp((--x^+0)^3)
Origin:
+-(-+((++85+2*+42+--40*(x^3)^2))^1*+014+--1+-2147483649*((--3451367770*-2522173927*3199248781+-(x^2)^0*(x^2)^3))^0)--2794035903*(-+(x^2)^1*+014+--1+-2147483649*(e(13))^0)*e((--x^0)^3)


===================================================
Input:
2
g(z,y,x)=-y^2+	z  ^1*y^+1+	 +-11*z^  3*+00090
f(z,y,x)=- 	z^2++z^+	3*	 x^1*z^1
+  g(g(x^+2,		x^	2,2147483649),f(+2,+87,+77),exp(x ^+1))
Origin:
+(-((-(+2)^2++(+2)^3*(+77)^1*(+2)^1))^2+((-(x^2)^2+(x^2)^1*(x^2)^1++-11*(x^2)^3*+00090))^1*((-(+2)^2++(+2)^3*(+77)^1*(+2)^1))^1++-11*((-(x^2)^2+(x^2)^1*(x^2)^1++-11*(x^2)^3*+00090))^3*+00090)


===================================================
Input:
0
-+	16   --exp((+-59*x^+3- 	+-18)^2)*82
Origin:
-+16--e((+-59*x^3-+-18)^2)*82


===================================================
Input:
3
h(y,z)=++-41*3540996695   +-z^2*-94*z^2+z^+2
g(z,y)=++z^+1+++		33  *y^2++34	   *z^2*z^2
f(z,y,x)=-+	4027807151*z^ 2+-		x^2*	x^1+z^	 2*+1*	 -998244353
-+h(h(x^3,x^1),h(x^+	3,x^+1))*(-f(0050,	x^3,x^+3)*x^+	3*(- +79*x^+0*+002193931362-+x^  			2*	+34-+60)-exp(x^+1)-g(-62,-6)*(	--2194863577*2853494556)*x^+2)*exp(x^  +1)++x^+2	 +- -	38
Origin:
-+(++-41*3540996695+-((++-41*3540996695+-(x^1)^2*-94*(x^1)^2+(x^1)^2))^2*-94*((++-41*3540996695+-(x^1)^2*-94*(x^1)^2+(x^1)^2))^2+((++-41*3540996695+-(x^1)^2*-94*(x^1)^2+(x^1)^2))^2)*(-(-+4027807151*(0050)^2+-(x^3)^2*(x^3)^1+(0050)^2*+1*-998244353)*x^3*(-+79*x^0*+002193931362-+x^2*+34-+60)-e(x^1)-(++(-62)^1+++33*(-6)^2++34*(-62)^2*(-62)^2)*(--2194863577*2853494556)*x^2)*e(x^1)++x^2+--38


===================================================
Input:
1
h(y,x,z)=+--2147483648*y^+2*x^2
+x	 ^+3*exp(-78) *x^+3-	h(x^1,x^ 	2,(x^3*0041*-4))  -+exp((-+x^+1	*-3105850052++x^+3) 	^2)*		h((--0007*x^+1*4-x^ 	+2*+002147483647+-x^+3*+ 0002147483647*x^2)^3,x^  +0,h(x^2,-0060,  x^3))
Origin:
+x^3*e(-78)*x^3-(+--2147483648*(x^1)^2*(x^2)^2)-+e((-+x^1*-3105850052++x^3)^2)*(+--2147483648*((--0007*x^1*4-x^2*+002147483647+-x^3*+0002147483647*x^2)^3)^2*(x^0)^2)


===================================================
Input:
0
+exp(-44)*(-  +66*exp(x^1)		+- 	   -114514*x^+0*+31)^1*exp(	9)
Origin:
+e(-44)*(-+66*e(x^1)+--114514*x^0*+31)^1*e(9)


===================================================
Input:
3
g(x)=-+x^1
f(x,y)=-- x^+1*	 x^+2++	- 98*+01*x^		+1
h(y,x,z)=-+		+64--exp(20)*exp(+81)
  -+56 *exp(h(	x^1,+52,+114514))
Origin:
-+56*e((-++64--e(20)*e(+81)))


===================================================
Input:
0
004		*-41*	 +55-	+(---	 67*x^3*(-+x^+ 3*-3* x^+3-	x^+3*x^0	*x^	1)+-(		+-006*x^2* +0--	x^+3	 *x^+3*x^2)^1*+03490182662- +(+x 	^1)^2*+4)	^1*exp(100)*-54
Origin:
004*-41*+55-+(---67*x^3*(-+x^3*-3*x^3-x^3*x^0*x^1)+-(+-006*x^2*+0--x^3*x^3*x^2)^1*+03490182662-+(+x^1)^2*+4)^1*e(100)*-54


===================================================
Input:
2
h(y,z)=+	 -exp(3722819096)*z^+ 3*(+69*-19*0007 	--z^+1*0091		*y^3)^0
f(x,y)=	-exp( 	+31)* 	exp(+	 3523164851)*exp(6)+		+exp(+91)*+72*y^+1
x^+1-+exp((--x^1*x^2*x^3+ + 	x^+2++-11*3418759485*x^+3)^3)
Origin:
x^1-+e((--x^1*x^2*x^3++x^2++-11*3418759485*x^3)^3)


===================================================
Input:
2
h(x,z,y)=--0086-+z^2*y^2
f(x,y)=+ 			-43*+084
+-x^1*(-		h(10,x^+	2,	 +1)*8	*(-x^+2+-x ^2--x	 ^2))^3--f((+-92*-00026*22)^1,exp(x^+1))-exp(		52)
Origin:
+-x^1*(-(--0086-+(x^2)^2*(+1)^2)*8*(-x^2+-x^2--x^2))^3--(+-43*+084)-e(52)


===================================================
Input:
1
h(x,y,z)=-+(+  +x^  0*x^1*x^1)^2
---51*  exp(h(x^0,      x^+1,-17))+     -exp(h(x^2,-56,x^2))*x^3
Origin:
---51*e((-+(++(x^0)^0*(x^0)^1*(x^0)^1)^2))+-e((-+(++(x^2)^0*(x^2)^1*(x^2)^1)^2))*x^3


===================================================
Input:
1
h(x,y,z)=-+(+  +x^  0*x^1*x^1)^2
---51*  exp(h(x^0,      x^+1,-17))+     -exp(h(x^2,-56,x^2))*x^3
Origin:
---51*e((-+(++(x^0)^0*(x^0)^1*(x^0)^1)^2))+-e((-+(++(x^2)^0*(x^2)^1*(x^2)^1)^2))*x^3


===================================================
Input:
1
h(x,y,z)=-+(+  +x^  0*x^1*x^1)^2
---51*  exp(h(x^0,      x^+1,-17))+     -exp(h(x^2,-56,x^2))*x^3
Origin:
---51*e((-+(++(x^0)^0*(x^0)^1*(x^0)^1)^2))+-e((-+(++(x^2)^0*(x^2)^1*(x^2)^1)^2))*x^3


===================================================
Input:
1
h(x,y,z)=-+(+  +x^  0*x^1*x^1)^2
---51*  exp(h(x^0,      x^+1,-17))+     -exp(h(x^2,-56,x^2))*x^3
Origin:
---51*e((-+(++(x^0)^0*(x^0)^1*(x^0)^1)^2))+-e((-+(++(x^2)^0*(x^2)^1*(x^2)^1)^2))*x^3


===================================================
Input:
1
h(x,y,z)=-+(+  +x^  0*x^1*x^1)^2
---51*  exp(h(x^0,      x^+1,-17))+     -exp(h(x^2,-56,x^2))*x^3
Origin:
---51*e((-+(++(x^0)^0*(x^0)^1*(x^0)^1)^2))+-e((-+(++(x^2)^0*(x^2)^1*(x^2)^1)^2))*x^3


===================================================
Input:
1
h(x,y,z)=-+(+  +x^  0*x^1*x^1)^2
---51*  exp(h(x^0,      x^+1,-17))+     -exp(h(x^2,-56,x^2))*x^3
Origin:
---51*e((-+(++(x^0)^0*(x^0)^1*(x^0)^1)^2))+-e((-+(++(x^2)^0*(x^2)^1*(x^2)^1)^2))*x^3


===================================================
Input:
0
--exp(+	69)*-00042*  +003165551414--exp(exp(0))*-0
Origin:
--e(+69)*-00042*+003165551414--e(e(0))*-0


===================================================
Input:
3
f(z,y,x)=	y^+2	*z^2*076--x^+2*y^0
g(z)=+	+071*z^+  2-z^+2*	z^+1
h(z)=+z^1*+	 114514-		 z^2*z  ^+2*z	 ^ + 3++z^		0*90
-10*		exp(10)*(--1)^2
Origin:
-10*e(10)*(--1)^2


===================================================
Input:
2
g(z)=+--090+-05 *+1+- z^3*z^0*z^+1
h(y)=+-exp(+93)*y^+	3--exp(y^ 3)+-89*exp(	 y^+1)*-3
-h(exp(+		15))*    (++(+	+x^	+2*2324256087+	+x^2)		*(++	 x^0*x^3++x^+1)^2*exp(-	00011))^2*h(g(1))+-2147483648*g((+-114514*x^3)^3)--  10
Origin:
-(+-e(+93)*(e(+15))^3--e((e(+15))^3)+-89*e((e(+15))^1)*-3)*(++(++x^2*2324256087++x^2)*(++x^0*x^3++x^1)^2*e(-00011))^2*(+-e(+93)*((+--090+-05*+1+-(1)^3*(1)^0*(1)^1))^3--e(((+--090+-05*+1+-(1)^3*(1)^0*(1)^1))^3)+-89*e(((+--090+-05*+1+-(1)^3*(1)^0*(1)^1))^1)*-3)+-2147483648*(+--090+-05*+1+-((+-114514*x^3)^3)^3*((+-114514*x^3)^3)^0*((+-114514*x^3)^3)^1)--10


===================================================
Input:
1
g(x,y,z)=++72*x^	+3*y^+ 0-		+-98*x^+3*-37
	-exp(g(x^  0,x^0,x^0))- 	g(g(0066,x^+2,x^+2),g(2,-02918261471,-100),g(x^+1,x^1,-3864455629))*+00035*g(exp(-71),exp(x ^+0),(+x			 	^2*x^+1*x^+0 	-x^3*	+			 	99*x^+2++	  x^0*x^+3*-79)^3)
Origin:
-e((++72*(x^0)^3*(x^0)^0-+-98*(x^0)^3*-37))-(++72*((++72*(0066)^3*(x^2)^0-+-98*(0066)^3*-37))^3*((++72*(2)^3*(-02918261471)^0-+-98*(2)^3*-37))^0-+-98*((++72*(0066)^3*(x^2)^0-+-98*(0066)^3*-37))^3*-37)*+00035*(++72*(e(-71))^3*(e(x^0))^0-+-98*(e(-71))^3*-37)


===================================================
Input:
3
h(x)=++x^+3++x^+1	*-01
f(x,y)=exp(y^0)
g(y,x)=exp(x^+1) *+	10*y 	^+1-			++998244353*x^1*+081
-+x^+0- -exp(exp(-23))* exp(g(5,100))
Origin:
-+x^0--e(e(-23))*e((e((100)^1)*+10*(5)^1-++998244353*(100)^1*+081))


===================================================
Input:
0
1+	 	 -02160115394*+87*exp(exp(14))
Origin:
1+-02160115394*+87*e(e(14))


===================================================
Input:
3
h(y)=+y^3*exp(+87)
g(x)=--exp(	x^+2)	* 28 + -77
f(x,y)=++x	^+1*exp(x^3)+-exp(x	 ^+3)
-	+g(f(x	^+	2,x^1))
Origin:
-+(--e(((++(x^2)^1*e((x^2)^3)+-e((x^2)^3)))^2)*28+-77)


===================================================
Input:
1
g(y)=--y^+2* y^+2+-y^0+y ^+3*y^2
g(g(x^3)) *g(exp(+0100))*exp(g(x^0))++(+ 	+g(1)* exp(x^1))^2*(+g(22)++exp(x^1)*		g(+13)*g(+81)+-g(+012))*-48-+g(g(-69))
Origin:
(--((--(x^3)^2*(x^3)^2+-(x^3)^0+(x^3)^3*(x^3)^2))^2*((--(x^3)^2*(x^3)^2+-(x^3)^0+(x^3)^3*(x^3)^2))^2+-((--(x^3)^2*(x^3)^2+-(x^3)^0+(x^3)^3*(x^3)^2))^0+((--(x^3)^2*(x^3)^2+-(x^3)^0+(x^3)^3*(x^3)^2))^3*((--(x^3)^2*(x^3)^2+-(x^3)^0+(x^3)^3*(x^3)^2))^2)*(--(e(+0100))^2*(e(+0100))^2+-(e(+0100))^0+(e(+0100))^3*(e(+0100))^2)*e((--(x^0)^2*(x^0)^2+-(x^0)^0+(x^0)^3*(x^0)^2))++(++(--(1)^2*(1)^2+-(1)^0+(1)^3*(1)^2)*e(x^1))^2*(+(--(22)^2*(22)^2+-(22)^0+(22)^3*(22)^2)++e(x^1)*(--(+13)^2*(+13)^2+-(+13)^0+(+13)^3*(+13)^2)*(--(+81)^2*(+81)^2+-(+81)^0+(+81)^3*(+81)^2)+-(--(+012)^2*(+012)^2+-(+012)^0+(+012)^3*(+012)^2))*-48-+(--((--(-69)^2*(-69)^2+-(-69)^0+(-69)^3*(-69)^2))^2*((--(-69)^2*(-69)^2+-(-69)^0+(-69)^3*(-69)^2))^2+-((--(-69)^2*(-69)^2+-(-69)^0+(-69)^3*(-69)^2))^0+((--(-69)^2*(-69)^2+-(-69)^0+(-69)^3*(-69)^2))^3*((--(-69)^2*(-69)^2+-(-69)^0+(-69)^3*(-69)^2))^2)


===================================================
Input:
2
h(z,y)=-	-z^0*y^		+0-+51 +	-3959509526*114514*z^1
f(y,x)=		++-39*-0003*x^+ 	1--x	^+1*+33*+35
-	f(f(x^+2,+0046),f(+11,x^0))+-f(exp(x^+ 	1),-	 87)*exp(exp( 	+05))
Origin:
-(++-39*-0003*((++-39*-0003*(x^0)^1--(x^0)^1*+33*+35))^1--((++-39*-0003*(x^0)^1--(x^0)^1*+33*+35))^1*+33*+35)+-(++-39*-0003*(-87)^1--(-87)^1*+33*+35)*e(e(+05))


===================================================
Input:
0
-(-+-70* x^3)^0*72*+3+(	--exp( 	x^+0)++exp(+114514)*x^+ 	1*	 +36+++5*+1)^2+-	  (+  exp(x^+		0)*62*x^1+	  	+x^	 0*-27-+(	 -x^+2*x^+ 2*		 		x^2)^1* 	+6* 2299877068)^0	 *	11*+36
Origin:
-(-+-70*x^3)^0*72*+3+(--e(x^0)++e(+114514)*x^1*+36+++5*+1)^2+-(+e(x^0)*62*x^1++x^0*-27-+(-x^2*x^2*x^2)^1*+6*2299877068)^0*11*+36


===================================================
Input:
2
f(x,y)=-exp(50)*x^1*-49--y^+2
h(z,y)=+exp(80)*exp(+4003475195)*(	y	 ^+1*	 -36-++7		*y^2*+2+ +	13*y^0)^1	-2*+2311279758*exp( 13)--exp(+50)*exp(+01)*exp(z^+2)
+(++f(x^2,x^3)+f(x^0,+12)*x  ^+3*-007+	 exp(000)*h(84,  x^+1))^1*((-x^2*	 +2829884701- 	++00012*+0004294967296+-114514*x^	3)*x^+3)
Origin:
+(++(-e(50)*(x^2)^1*-49--(x^3)^2)+(-e(50)*(x^0)^1*-49--(+12)^2)*x^3*-007+e(000)*(+e(80)*e(+4003475195)*((x^1)^1*-36-++7*(x^1)^2*+2++13*(x^1)^0)^1-2*+2311279758*e(13)--e(+50)*e(+01)*e((84)^2)))^1*((-x^2*+2829884701-++00012*+0004294967296+-114514*x^3)*x^3)


===================================================
Input:
3
h(y)=+-58+ +y^1*		exp(29)-+(+-y^1*y  ^+1)
f(y,x)=exp(x^1)*y^3--y^+ 2*  exp(y^		+0)*(+--28		+	+ 	y^+2	* 	8)
g(z)=  -	exp(z	 ^+0)*exp(2)+exp(3363589287)* +3043016588*exp(2147483648)-( -z^1 + 	-		   36-+z^+2		* 			 018)*exp(z^+2)*exp(z^+2)
-			-exp((-		-83-+ x^+		2*82*x^0))	+g(		x^	 1)*g(exp(x^+1))
Origin:
--e((--83-+x^2*82*x^0))+(-e((x^1)^0)*e(2)+e(3363589287)*+3043016588*e(2147483648)-(-(x^1)^1+-36-+(x^1)^2*018)*e((x^1)^2)*e((x^1)^2))*(-e((e(x^1))^0)*e(2)+e(3363589287)*+3043016588*e(2147483648)-(-(e(x^1))^1+-36-+(e(x^1))^2*018)*e((e(x^1))^2)*e((e(x^1))^2))


===================================================
Input:
1
f(x,z,y)=+ --099*-9	 	*	69- -	z^1
-	 +-98++(	+(	 +3268391752*+13)^1*(-x^3*x^+0		)^2+-f(+26, 		x^1,+96)*(-016--0072*x^	0*		x^+1++x^2*x^+0		* 	x	^3)*f(		9,-13,41)+(-x^+1*x^1	*14))^0*(-exp(x^1)--exp(-3)		*  exp(x^2)*f(-47,x^3,x^+3))*-096
Origin:
-+-98++(+(+3268391752*+13)^1*(-x^3*x^0)^2+-(+--099*-9*69--(x^1)^1)*(-016--0072*x^0*x^1++x^2*x^0*x^3)*(+--099*-9*69--(-13)^1)+(-x^1*x^1*14))^0*(-e(x^1)--e(-3)*e(x^2)*(+--099*-9*69--(x^3)^1))*-096


===================================================
Input:
0
	++-14*	 ( -86		*x^ 0*exp(x^2))*+35++2147483647	*exp(exp(-00049))* 	78-(++(--		2568174255* 	x^3)^2-	 13*2684377228*exp(x^2)-+33)^2
Origin:
++-14*(-86*x^0*e(x^2))*+35++2147483647*e(e(-00049))*78-(++(--2568174255*x^3)^2-13*2684377228*e(x^2)-+33)^2


===================================================
Input:
3
h(y,z)=-y^3 -+z^0*21*exp(9)-y^ 0
f(y,x,z)=-+exp(+73)+  +			 exp(y^2)*x ^2*-11++27*(-	 -y^+3*z^0++z^+1*x^ 1* +089)^2
g(z,x)=-+z^0*exp(+094)*exp(87)
-(+(-x  ^1*+12-+ x^+0*- 2936537062-x^+1*+		1*-87)+g(x^2,x^2)*-57)^2
Origin:
-(+(-x^1*+12-+x^0*-2936537062-x^1*+1*-87)+(-+(x^2)^0*e(+094)*e(87))*-57)^2


===================================================
Input:
3
f(x,y)=--y^1*exp(+84)-+(+  +y^3*y^+0*+20---2698515175* -4*-2)^2
g(y,z)=-+z^2*exp(+10)*+14-  -051*z^ +0+ 	y^3*	 y^+1
h(x,y,z)=z  ^	 2*y^	2-		exp(-5)*51*exp(y^+ 	0)+			+(++	 16		* z^3++18)	 *-	14*x^+2
-  -g(f(+40,x^+2),g(x	   ^+1,  4294967296))*(++exp(x^1)*g(x^	1,x^1)+f(x^2,-		8))*+46- +h(exp(-59),f(x^2,+ 97),x^2)-g(g(37,x^+1),f(x^	 1, 	x^0))*	exp( 	(++6 	-x^+2*8- 	-0*		 x^2*+12)^2)*exp(exp(x^+2))
Origin:
--(-+((-+(4294967296)^2*e(+10)*+14--051*(4294967296)^0+(x^1)^3*(x^1)^1))^2*e(+10)*+14--051*((-+(4294967296)^2*e(+10)*+14--051*(4294967296)^0+(x^1)^3*(x^1)^1))^0+((--(x^2)^1*e(+84)-+(++(x^2)^3*(x^2)^0*+20---2698515175*-4*-2)^2))^3*((--(x^2)^1*e(+84)-+(++(x^2)^3*(x^2)^0*+20---2698515175*-4*-2)^2))^1)*(++e(x^1)*(-+(x^1)^2*e(+10)*+14--051*(x^1)^0+(x^1)^3*(x^1)^1)+(--(-8)^1*e(+84)-+(++(-8)^3*(-8)^0*+20---2698515175*-4*-2)^2))*+46-+((x^2)^2*((--(+97)^1*e(+84)-+(++(+97)^3*(+97)^0*+20---2698515175*-4*-2)^2))^2-e(-5)*51*e(((--(+97)^1*e(+84)-+(++(+97)^3*(+97)^0*+20---2698515175*-4*-2)^2))^0)++(++16*(x^2)^3++18)*-14*(e(-59))^2)-(-+((--(x^0)^1*e(+84)-+(++(x^0)^3*(x^0)^0*+20---2698515175*-4*-2)^2))^2*e(+10)*+14--051*((--(x^0)^1*e(+84)-+(++(x^0)^3*(x^0)^0*+20---2698515175*-4*-2)^2))^0+((-+(x^1)^2*e(+10)*+14--051*(x^1)^0+(37)^3*(37)^1))^3*((-+(x^1)^2*e(+10)*+14--051*(x^1)^0+(37)^3*(37)^1))^1)*e((++6-x^2*8--0*x^2*+12)^2)*e(e(x^2))


===================================================
Input:
3
g(z,y)=+  y^0*y^+2+-y^+1*+20*52++-2192647484*6*z^3
h(x,y)=+-x^ 	2
f(y,z)=-+y^+0
-(+x^+ 2*2-+h(  -0008,56)*(+x^+2)^2+	x^0*exp(+ 	  98))^1*  x^+3*(+(+x^2-+x^2- 	-+2147483647*56)*exp(x^+1))^2+g((+-+98*69)^2,1)-(+x^0+-g(x^1,x^+1))
Origin:
-(+x^2*2-+(+-(-0008)^2)*(+x^2)^2+x^0*e(+98))^1*x^3*(+(+x^2-+x^2--+2147483647*56)*e(x^1))^2+(+(1)^0*(1)^2+-(1)^1*+20*52++-2192647484*6*((+-+98*69)^2)^3)-(+x^0+-(+(x^1)^0*(x^1)^2+-(x^1)^1*+20*52++-2192647484*6*(x^1)^3))


===================================================
Input:
0
+		+25 *-6*+14 ++003910483891*(-exp(		x^+3)	--( -x^1)^2)^2* x		^+0++ 		 	70* exp(+090)*03
Origin:
++25*-6*+14++003910483891*(-e(x^3)--(-x^1)^2)^2*x^0++70*e(+090)*03


===================================================
Input:
1
g(x,y,z)= 	-+-0*+03112437414*2766711653-+(-y^3*z^1*-0021)^1*exp(+18)*z^+1+x^+3
- 3*exp((-		x^		+3*x^+0*x^+	 	 	0+- 	x^+1* 	x^2)^2)
Origin:
-3*e((-x^3*x^0*x^0+-x^1*x^2)^2)


===================================================
Input:
2
g(z,y)=+	 +exp(- 31)-+exp(y^+3)-+(	 	 ++38+-+ 00018*6+z^+0*0011*z^+	 1)^0*z^+0
h(y,x,z)=++54*z^+1*x^+ 	 3
+-g(h(x^+0, 	x^3,-57),g(x^1,x^3))*exp(exp(65))*x^+0--exp(-6)
Origin:
+-(++e(-31)-+e(((++e(-31)-+e((x^3)^3)-+(++38+-+00018*6+(x^1)^0*0011*(x^1)^1)^0*(x^1)^0))^3)-+(++38+-+00018*6+((++54*(-57)^1*(x^3)^3))^0*0011*((++54*(-57)^1*(x^3)^3))^1)^0*((++54*(-57)^1*(x^3)^3))^0)*e(e(65))*x^0--e(-6)


===================================================
Input:
3
f(y)=-+y^3+-y^	+2*+16
g(x,y,z)=		exp(x	^2)*z^+2*+11
h(z,y,x)=-+28*		x^+3*z^+1
++exp(exp( x^+ 	0))*exp((+ 	--63))-g(exp(	 -15),g(+2883459822,x^2,6),exp(x^3))- +exp(g(+06,x^ 1,+14))
Origin:
++e(e(x^0))*e((+--63))-(e((e(-15))^2)*(e(x^3))^2*+11)-+e((e((+06)^2)*(+14)^2*+11))


===================================================
Input:
2
h(x,y)=-+y^1
g(y,z,x)= 		-6  -+-71*3293277284*z^+2++2*z^ 	3*-57
	+-exp((-x^3* 16* 	56+	 -x^0*- 	0)^2)  ++h(exp(+7),exp(x^+1))*+3260772404*h(exp(+44),h(x^1,x^+3))
Origin:
+-e((-x^3*16*56+-x^0*-0)^2)++(-+(e(x^1))^1)*+3260772404*(-+((-+(x^3)^1))^1)


===================================================
Input:
1
f(y,x,z)=exp(	  z^1)
-	 +exp(exp(x^+2))		--exp((-+	 61*52*x		  	^1)^2)*x^+2*		(--	  	+0002147483648*exp(6)-+f(03342295208,x^+1,		x^+3)*f(-56,+2147483649,x^  +0)*x ^2)^3	 --	(-f(26,+	 7,-14)*( 	+	-x^1*+9*+17)^2)^2
Origin:
-+e(e(x^2))--e((-+61*52*x^1)^2)*x^2*(--+0002147483648*e(6)-+(e((x^3)^1))*(e((x^0)^1))*x^2)^3--(-(e((-14)^1))*(+-x^1*+9*+17)^2)^2


===================================================
Input:
0
-( +-exp(x^1)-- (+-x^ 	+3++-77)^2)^2--97-45*(+ -exp(075)*(	-+	 2)*x		^+	1- (  +-x^2*+70*		x^+2 	 	++-5-x^+3*+13)		^0*x^3)^0
Origin:
-(+-e(x^1)--(+-x^3++-77)^2)^2--97-45*(+-e(075)*(-+2)*x^1-(+-x^2*+70*x^2++-5-x^3*+13)^0*x^3)^0


===================================================
Input:
3
f(y,z,x)=	+		z^+ 1*+01-+z^+3*-24
h(x,y)=+++2532319638*0090
g(y)=++25 	* y^1--15+-+62*y^3*y^2
-	(--(-04*6-x^2  +-x^2*x^0)		^0*exp(x^2)*g(x^ 	 		+2))^2
Origin:
-(--(-04*6-x^2+-x^2*x^0)^0*e(x^2)*(++25*(x^2)^1--15+-+62*(x^2)^3*(x^2)^2))^2


===================================================
Input:
3
h(x,z,y)=-x^+3*x^ 	+ 	1+--7*y^		+2*52-x^0*	z^	+3
g(y,z,x)=-y^+3*	z^2--000*+3*y^+ 	3
f(z)=z^ +2*z^+2++-4*-0002++	z^1*+90*z^1
--h(f(		-3764855179),exp(x^3),exp(x^2))-h(+43,h(+2554703907,x ^+0, 	+14),x^+2)*(+-exp(		75)*f(+47)*(			 ++x^+2*	x^+0*+4032294789+-x^3*x^1*+  45-+x^+2*+19	 *x ^+2)^2)^3
Origin:
--(-(((-3764855179)^2*(-3764855179)^2++-4*-0002++(-3764855179)^1*+90*(-3764855179)^1))^3*(((-3764855179)^2*(-3764855179)^2++-4*-0002++(-3764855179)^1*+90*(-3764855179)^1))^1+--7*(e(x^2))^2*52-(((-3764855179)^2*(-3764855179)^2++-4*-0002++(-3764855179)^1*+90*(-3764855179)^1))^0*(e(x^3))^3)-(-(+43)^3*(+43)^1+--7*(x^2)^2*52-(+43)^0*((-(+2554703907)^3*(+2554703907)^1+--7*(+14)^2*52-(+2554703907)^0*(x^0)^3))^3)*(+-e(75)*((+47)^2*(+47)^2++-4*-0002++(+47)^1*+90*(+47)^1)*(++x^2*x^0*+4032294789+-x^3*x^1*+45-+x^2*+19*x^2)^2)^3


===================================================
Input:
2
f(z,y,x)=-	+x^+2*1*x^+1-x^		1*exp(-5)*0
g(x,y,z)=++004*x^+0
+-f(f(x^	 +0,12,		x^	+1),68,exp(x^3))*exp(f(1,x^+1,0))-exp(x^1)*exp(exp(-73))++f(x^2,exp(+0001),g(x^0,+16,+ 5))*(			 -f(  x^0,+41,-7)*  (-+x^+0	 			*x^	+1*x^+0++x^+1* +1--50*-	 8*84)^3*exp(x^+	 0))^1
Origin:
+-(-+(e(x^3))^2*1*(e(x^3))^1-(e(x^3))^1*e(-5)*0)*e((-+(0)^2*1*(0)^1-(0)^1*e(-5)*0))-e(x^1)*e(e(-73))++(-+((++004*(x^0)^0))^2*1*((++004*(x^0)^0))^1-((++004*(x^0)^0))^1*e(-5)*0)*(-(-+(-7)^2*1*(-7)^1-(-7)^1*e(-5)*0)*(-+x^0*x^1*x^0++x^1*+1--50*-8*84)^3*e(x^0))^1


===================================================
Input:
3
f(x,z)=++z^+3*z 	^3
h(y,z)=+ 	+y  ^1*z^	 2*+47- 	--87*2147483647
g(y)=-y^2
--00050*(+ 	+exp(x^3)+ +exp(-7)*exp(+6) )^2- (-exp( x^  +2)*f(x	^0,x ^+1)+ +exp(x			^1)*g(-64)---006)^1*f(g(99),h(2987012183,+10))-+exp(h(-2147483647,  4107881485))
Origin:
--00050*(++e(x^3)++e(-7)*e(+6))^2-(-e(x^2)*(++(x^1)^3*(x^1)^3)++e(x^1)*(-(-64)^2)---006)^1*(++((++(2987012183)^1*(+10)^2*+47---87*2147483647))^3*((++(2987012183)^1*(+10)^2*+47---87*2147483647))^3)-+e((++(-2147483647)^1*(4107881485)^2*+47---87*2147483647))


===================================================
Input:
3
g(x)=--	 x^ 	 1*exp(x^+3)
h(y)=+	 +		(y	 ^+3*y^+1*18+y^+0*y^2)^2*exp(y^+1)-y^1
f(x,y,z)=-+	 -57 	 *998244353*exp(+0)+	 +x^+	2*-998244353*  		+14+-exp(-9)*	exp(y  ^+0)*exp(y	^+2)
+(+h(x^+2)+-exp(36)*f(x^+0,x^+3,+00037)++exp(x^2) *h(x^2))^1
Origin:
+(+(++((x^2)^3*(x^2)^1*18+(x^2)^0*(x^2)^2)^2*e((x^2)^1)-(x^2)^1)+-e(36)*(-+-57*998244353*e(+0)++(x^0)^2*-998244353*+14+-e(-9)*e((x^3)^0)*e((x^3)^2))++e(x^2)*(++((x^2)^3*(x^2)^1*18+(x^2)^0*(x^2)^2)^2*e((x^2)^1)-(x^2)^1))^1


===================================================
Input:
3
g(z,y,x)=+		y^1--y^+2*	 y^0*083++z^+ 3*y^+1* 	+2402790065
f(z)=+z^+1*z^3-- -5*20
h(z)=-	+	  z^+2*	+2147483648*z^1+++93*z^+2+		-z^1
+exp(g(x^1, 	12,x^0))+ g(g(x  ^+1,+ 	2549854051,0002147483648),x^1,f(+085))*exp(x ^2)+ -(+exp(+73)*h(x^+2)-exp(	x^2)*x^+0*g( 	 x^3,x^3, 2)) 	^2
Origin:
+e((+(12)^1--(12)^2*(12)^0*083++(x^1)^3*(12)^1*+2402790065))+(+(x^1)^1--(x^1)^2*(x^1)^0*083++((+(+2549854051)^1--(+2549854051)^2*(+2549854051)^0*083++(x^1)^3*(+2549854051)^1*+2402790065))^3*(x^1)^1*+2402790065)*e(x^2)+-(+e(+73)*(-+(x^2)^2*+2147483648*(x^2)^1+++93*(x^2)^2+-(x^2)^1)-e(x^2)*x^0*(+(x^3)^1--(x^3)^2*(x^3)^0*083++(x^3)^3*(x^3)^1*+2402790065))^2


===================================================
Input:
2
h(x,z,y)=+-	85*exp(-84)
f(x,y)=-61*x^+  	2+-exp(y^ 	+2)
-exp(h( 	 x^+0,x^+3,x^+3))*(++03--f(7, 	x^+2)-+(2*x^0+--50-  		-x 	^+3*x^+		 2*00043)^1)-- (--  x^1*-066*x^	1+-f(x^1,	 	 x^3)*f(- 94,x^+3)*x	 ^2)^1
Origin:
-e((+-85*e(-84)))*(++03--(-61*(7)^2+-e((x^2)^2))-+(2*x^0+--50--x^3*x^2*00043)^1)--(--x^1*-066*x^1+-(-61*(x^1)^2+-e((x^3)^2))*(-61*(-94)^2+-e((x^3)^2))*x^2)^1


===================================================
Input:
0
+ (+-3*+3317899698+-x^3*exp(x^1)--71)^3	* -47 	*+48-++2*(++-70*45 +exp(-  16)*x^2)
Origin:
+(+-3*+3317899698+-x^3*e(x^1)--71)^3*-47*+48-++2*(++-70*45+e(-16)*x^2)


===================================================
Input:
1
g(y,z)=--y^0*	+0*3+-00066*y^+0  *	z	 ^+2+-z 				^1
+  -g(g(+31,x^2),g(-6,x 		^3))*exp(x^2)*(+	 	-exp(-8))^3-+x^+1*g((-x^0*  	90*x^3+-0002	 		)^1,exp(x^1))
Origin:
+-(--((--(+31)^0*+0*3+-00066*(+31)^0*(x^2)^2+-(x^2)^1))^0*+0*3+-00066*((--(+31)^0*+0*3+-00066*(+31)^0*(x^2)^2+-(x^2)^1))^0*((--(-6)^0*+0*3+-00066*(-6)^0*(x^3)^2+-(x^3)^1))^2+-((--(-6)^0*+0*3+-00066*(-6)^0*(x^3)^2+-(x^3)^1))^1)*e(x^2)*(+-e(-8))^3-+x^1*(--((-x^0*90*x^3+-0002)^1)^0*+0*3+-00066*((-x^0*90*x^3+-0002)^1)^0*(e(x^1))^2+-(e(x^1))^1)


===================================================
Input:
3
h(z)=		-19*z^0*11--z^	2*z^3
f(z,x)=-  x^3*	x^2*-0++z^+3-x	^+0
g(z,x)=-- x^+2	*57*x 	 ^1-  -z^+3+- -93*x^3
-h(exp(x^+0))-	  -74*(++( 	-	x^+3*x^+		0*-81-x^+1*x^ 	2) ^2*h(-3)*exp(x^+1))^1*x^1-g(exp(x^+2),exp(x^  0))
Origin:
-(-19*(e(x^0))^0*11--(e(x^0))^2*(e(x^0))^3)--74*(++(-x^3*x^0*-81-x^1*x^2)^2*(-19*(-3)^0*11--(-3)^2*(-3)^3)*e(x^1))^1*x^1-(--(e(x^0))^2*57*(e(x^0))^1--(e(x^2))^3+--93*(e(x^0))^3)


===================================================
Input:
3
f(y,z)=+71*z^1*				y^0--038--z^+3*y^+2*+65
h(x)=+x^+1*x^0++		x^2*-9--x^+1*	x 	^+1
g(x,y)=-  	--0009*x^+1*x^2--50*-5*	 -69+y^+3*		x^ +0
-+(  --f(x^	+0,066)*(	 -  +2846035142*   	 x^+  1	-+x^+0*x^1  )^2--g(x^1, 	-65)*exp(x^+3) 	*f(+83,x^0))^2*x^+1*exp(exp(+0))+h(exp(x^+2))*-22*h((+x^0  *x^3-x^3 	*8)^0)
Origin:
-+(--(+71*(066)^1*(x^0)^0--038--(066)^3*(x^0)^2*+65)*(-+2846035142*x^1-+x^0*x^1)^2--(---0009*(x^1)^1*(x^1)^2--50*-5*-69+(-65)^3*(x^1)^0)*e(x^3)*(+71*(x^0)^1*(+83)^0--038--(x^0)^3*(+83)^2*+65))^2*x^1*e(e(+0))+(+(e(x^2))^1*(e(x^2))^0++(e(x^2))^2*-9--(e(x^2))^1*(e(x^2))^1)*-22*(+((+x^0*x^3-x^3*8)^0)^1*((+x^0*x^3-x^3*8)^0)^0++((+x^0*x^3-x^3*8)^0)^2*-9--((+x^0*x^3-x^3*8)^0)^1*((+x^0*x^3-x^3*8)^0)^1)


===================================================
Input:
1
g(y,x)=+exp(x^+3)*exp( 	+64)*exp(	    81)++x^3		*-78
+-(-012*g(x^+2,x^+ 	3)*g(88,42)  -  			+(-64*  -0097--  x^+2*x^+0* 	3845143299+-	 x 	^3* 	+3723755711)^1-(++-03*-33*x	^+2+-21)^2)	 ^2*x^+2
Origin:
+-(-012*(+e((x^3)^3)*e(+64)*e(81)++(x^3)^3*-78)*(+e((42)^3)*e(+64)*e(81)++(42)^3*-78)-+(-64*-0097--x^2*x^0*3845143299+-x^3*+3723755711)^1-(++-03*-33*x^2+-21)^2)^2*x^2


===================================================
Input:
1
h(x)=+  x^+ 1*-050
-+exp(-	 97)*x^+1++exp((	+-+52*-3650745401*2-+-16*x^+2-25)^2)- - -4*(--exp(-	96)*h(x^+0)++exp(x^2))^3*x^+0
Origin:
-+e(-97)*x^1++e((+-+52*-3650745401*2-+-16*x^2-25)^2)---4*(--e(-96)*(+(x^0)^1*-050)++e(x^2))^3*x^0


===================================================
Input:
3
f(x,y)=++exp(4)*exp(x^1)*exp(+67)+-15*			exp(x^+1)++exp(2)
g(y,x,z)=-  --59*exp(+2188275685)*(--85)^1	+-114514*exp(x^	+0)*y ^+2-		-		z^+	1
h(x)=+ 	exp(x^+2)*x^0
-+	 h(g(+1,	 90,x^2))++f(f(x		^2,-68), (--	x^+	 1)^2)*g(g(		-94,x^1,2727135725),h(+24),exp(x^2))* exp(x^2)+- 	(+	+exp(-70))^0*h(exp(-4))*			h(h(x^+1))
Origin:
-+(+e(((---59*e(+2188275685)*(--85)^1+-114514*e((90)^0)*(+1)^2--(x^2)^1))^2)*((---59*e(+2188275685)*(--85)^1+-114514*e((90)^0)*(+1)^2--(x^2)^1))^0)++(++e(4)*e(((++e(4)*e((x^2)^1)*e(+67)+-15*e((x^2)^1)++e(2)))^1)*e(+67)+-15*e(((++e(4)*e((x^2)^1)*e(+67)+-15*e((x^2)^1)++e(2)))^1)++e(2))*(---59*e(+2188275685)*(--85)^1+-114514*e(((+e((+24)^2)*(+24)^0))^0)*((---59*e(+2188275685)*(--85)^1+-114514*e((x^1)^0)*(-94)^2--(2727135725)^1))^2--(e(x^2))^1)*e(x^2)+-(++e(-70))^0*(+e((e(-4))^2)*(e(-4))^0)*(+e(((+e((x^1)^2)*(x^1)^0))^2)*((+e((x^1)^2)*(x^1)^0))^0)


===================================================
Input:
0
+-71*   	(- +exp(x^3)--(--1*+2800148951-	-6*x^2		)^3*exp(x^+1)*(-+x^2* 	 x^1+++00099*x  ^ +1)-+(-x^+0*00040--x^3	*10* 1)*x^0)^2*(--006*+055*13--0096-+exp(x^+3))^3
Origin:
+-71*(-+e(x^3)--(--1*+2800148951--6*x^2)^3*e(x^1)*(-+x^2*x^1+++00099*x^1)-+(-x^0*00040--x^3*10*1)*x^0)^2*(--006*+055*13--0096-+e(x^3))^3


===================================================
Input:
0
		+x^2*( 	+-  +0013	-+(-+ 		 	x ^+1*x^	 3*+2376567210)*exp(x^+1)*		(-+-		2972793409*-60)^1- 	-(-		-x^+2))^2 ++x^+3*-76--+12*exp(exp(x^	+3))*028
Origin:
+x^2*(+-+0013-+(-+x^1*x^3*+2376567210)*e(x^1)*(-+-2972793409*-60)^1--(--x^2))^2++x^3*-76--+12*e(e(x^3))*028


===================================================
Input:
1
h(y,z)=+	8 	*exp(y^+2)*-  2	 -+-04294967296*-  26*+998244353	--+75
+		h(exp(0),h(x^+1,-2))	 *h(h(x^1,-15),h(x^1,7))+exp(h(x^2,-5))*  h(h(x^+	 	 	2,12),exp(x^0))
Origin:
+(+8*e((e(0))^2)*-2-+-04294967296*-26*+998244353--+75)*(+8*e(((+8*e((x^1)^2)*-2-+-04294967296*-26*+998244353--+75))^2)*-2-+-04294967296*-26*+998244353--+75)+e((+8*e((x^2)^2)*-2-+-04294967296*-26*+998244353--+75))*(+8*e(((+8*e((x^2)^2)*-2-+-04294967296*-26*+998244353--+75))^2)*-2-+-04294967296*-26*+998244353--+75)


===================================================
Input:
2
h(x,y,z)=-+-7*	-96*y^+2--+11*81-	 			+00049*x		^+3
f(y)= y^2 	-+-1*	  y ^+3*y^2+008*y^+2*exp( +00047)
-+ f((-x^+0*-2501964195++-28))*exp(x^+2)*f(f(+90))+h(x^+3,f(x^+2),(--			67)^3)-+	 0083
Origin:
-+(((-x^0*-2501964195++-28))^2-+-1*((-x^0*-2501964195++-28))^3*((-x^0*-2501964195++-28))^2+008*((-x^0*-2501964195++-28))^2*e(+00047))*e(x^2)*((((+90)^2-+-1*(+90)^3*(+90)^2+008*(+90)^2*e(+00047)))^2-+-1*(((+90)^2-+-1*(+90)^3*(+90)^2+008*(+90)^2*e(+00047)))^3*(((+90)^2-+-1*(+90)^3*(+90)^2+008*(+90)^2*e(+00047)))^2+008*(((+90)^2-+-1*(+90)^3*(+90)^2+008*(+90)^2*e(+00047)))^2*e(+00047))+(-+-7*-96*(((x^2)^2-+-1*(x^2)^3*(x^2)^2+008*(x^2)^2*e(+00047)))^2--+11*81-+00049*(x^3)^3)-+0083


===================================================
Input:
3
g(z)=++(-000*+15*00033--14+z^+1					*+9)^0+ 	-64+z^+2
f(z,x,y)=-008++exp(y^2)*exp(x^+2)		* 	12
h(y,x,z)=+--02391337025-	84*+0*x^0- +-0
f(h(x^2, -3610919027,x^1),exp(5),exp(x^ 3))
Origin:
(-008++e((e(x^3))^2)*e((e(5))^2)*12)


===================================================
Input:
1
g(y,x)=--exp(+2599854637)+-	 y^2*y^  	0	+37*exp(-062)*13
  +g(g(x^+0,85),(x^+0))-	-x^1*g(exp(x^1),exp(+70))*x^3
Origin:
+(--e(+2599854637)+-((--e(+2599854637)+-(x^0)^2*(x^0)^0+37*e(-062)*13))^2*((--e(+2599854637)+-(x^0)^2*(x^0)^0+37*e(-062)*13))^0+37*e(-062)*13)--x^1*(--e(+2599854637)+-(e(x^1))^2*(e(x^1))^0+37*e(-062)*13)*x^3


===================================================
